* using log directory ‘/home/sacherus/gmumr/gmum.r/..Rcheck’
* using R version 3.0.2 (2013-09-25)
* using platform: x86_64-pc-linux-gnu (64-bit)
* using session charset: UTF-8
* checking for file ‘./DESCRIPTION’ ... OK
* checking extension type ... Package
* this is package ‘gmum.r’ version ‘1.0’
* checking package namespace information ... OK
* checking package dependencies ... OK
* checking if this is a source package ... WARNING
Subdirectory ‘gmum.r/src’ contains apparent object files/libraries
  gmum.r.so hello_gmum.o libsvm_runner.o main.o norm.o svm_basic.o
  svm_client.o svm_flow_factory.o svm_wrapper_module.o test_libsvm.o
Object files/libraries should not be included in a source package.

In addition to the above warning(s), found the following notes:

Found the following apparent object files/libraries:
  Debug/src/gmum.r.so Debug/src/hello_gmum.o Debug/src/lib_svm_runner.o
  Debug/src/libsvm/svm.o Debug/src/libsvm_runner.o Debug/src/main.o
  Debug/src/norm.o Debug/src/svm_basic.o Debug/src/svm_client.o
  Debug/src/svm_flow_factory.o Debug/src/svm_wrapper_module.o
  Debug/src/test_libsvm.o
Object files/libraries should not be included in a source package.
* checking if there is a namespace ... OK
* checking for executable files ... WARNING
Found the following executable files:
  .git/objects/00/24ccebe89f4184613a15dbbb3d83a53b6e6c8d
  .git/objects/01/7a5f99ae4bc157efea4ada8f782f9611b92a6f
  .git/objects/05/e35fc02a58ef2a57342be7331e68d5cc6bca52
  .git/objects/05/f297e37d16295be1b60cba968b814cd0b10db7
  .git/objects/06/dce07995a38320d4617ef380a5a4ed973d388d
  .git/objects/08/b35460ba6437c323da4820f6ef15999f06b3a1
  .git/objects/09/3bc0a6d9419f015e17f9a555d8dc1a1907bd8f
  .git/objects/09/e4296eef00e6e83c609e48a52fdb18839996b5
  .git/objects/0b/4b9a3c2fa4b8216fa151af3449631476282206
  .git/objects/0c/1207fe9f5d0d0108907c8ba27a08fb82a5b3cd
  .git/objects/0d/58138551abd7ee7ce17e4ff41d521922458e52
  .git/objects/0d/ec1036bc2484ccc3eef0a274d3aa9c1f1887fc
  .git/objects/0e/6e482499b25e5dda1fae8057e378cbca264765
  .git/objects/0f/34e24f8da3c9cfd7bb70a1a20f5216cefefe81
  .git/objects/0f/5453c4a80f5e47af523be996ca69aef9dfbae9
  .git/objects/0f/93dc12114ceec6eff95edbd56dcc2e2a28b7d9
  .git/objects/0f/ba038b7a9f6b13dd4d6465c464d6614f6944f2
  .git/objects/14/947b40e12e2b1ca7616952a6740354613eeca9
  .git/objects/15/491f24af3c9abce86caa197e4c7b5c9897059a
  .git/objects/18/ce929666d33497908393eeb845f76bc9ffa7f6
  .git/objects/19/58f8993e6d990d005894c17ef3eb05f6a103b8
  .git/objects/19/cae5a44db8d76cbb3e75f404df024eb2a2d29e
  .git/objects/1a/6b10fc660ad898d2c764712d3e796a8452e170
  .git/objects/1a/da21d77f5af31e660d597cb2b86cbf1cbf8e84
  .git/objects/1b/271f0a7a174f053271941fc2027dfe91a13f6d
  .git/objects/1b/983b054f80fca55c74eb4b252ac431ff07710c
  .git/objects/1b/9bf563265baf6fb6331c4e83d23486197a2260
  .git/objects/1c/3baf8d1405fd79f69f7983454589b2cc4d68f7
  .git/objects/1c/57744903887fa19be025bb7420d0160c5ee83a
  .git/objects/1c/d3df3732d484fc6644328773ee77d83a2ff195
  .git/objects/1e/a95869d81ac23c074e1290cac32a66f58b9df5
  .git/objects/1f/3515809bac795c5db6356c05e28a4c1f51a39a
  .git/objects/1f/b78ab38f1c99ef1e1cfb508c5dfbe7169d44e4
  .git/objects/21/4730b82b4371211c7e0e0c7f655b675bb6c27a
  .git/objects/24/e375a072770180402ca3d1ac5ffd320e8f3c7e
  .git/objects/28/e3b8fa4eb98a3fec1e2db1403ba58cd8c09aa9
  .git/objects/2b/54684dba4490a4f7d7d313b09c468b61724995
  .git/objects/2b/b11f32c6aebcf584336212ee4cfe8d3e1158aa
  .git/objects/2c/77d4925b78c9da0af3e7fed2fde8de9b4f6c5e
  .git/objects/2d/35e310af8f4d841a02369834d91d322b4fa96c
  .git/objects/2d/6968c00d6a063e659b321b2d4e6bbd696ecf74
  .git/objects/2d/a1acd48a551b6f575f682fbd7a26bd62402107
  .git/objects/2e/4a1f866d71ef9c5ef5fcfe988c0867d82c3690
  .git/objects/2e/91fbcb70d135007eeede561438032eb2ef69b0
  .git/objects/2e/b7f792fd906e3cc30ddff41a974ab27cc8faaf
  .git/objects/30/9e7b4b551d8c20ff72d0365985db46c09ca38c
  .git/objects/31/991cc476bda2521685eb33a088a51011cc92cb
  .git/objects/32/41e1b9b5efb3fa77d4cda44487b0c05ab46b58
  .git/objects/32/76607d1358a0678a5443e4a3a89c9621efc3bb
  .git/objects/32/85053fd2f5f915a25e018afce21bb18ae042cb
  .git/objects/33/5ff61e8e656d765c0dfe5fb9b63e5b9e21ffa1
  .git/objects/33/d24966a46f3012d3e6be19296b184f49ac2c0e
  .git/objects/34/942d55048d4028419b00797426f2c4506aaa0c
  .git/objects/34/a5a386345836769369320396c97361a2d5555b
  .git/objects/35/a52730c631685047779e73c9fc454a90d61ee6
  .git/objects/35/edc4a64a4c6e1d5dc1d6f001eeb5002742f9b0
  .git/objects/35/f9938077b570a0283f220c5862927bd084ef37
  .git/objects/36/201eebba8141c7f0daf148986dd6c48688a39a
  .git/objects/39/c76be52e58a1e9ccb417c3888ddbb68b1ca93b
  .git/objects/3a/76475c5d7e48d6a108eb5d9386e7f49fbf2f61
  .git/objects/3b/a2c0270b5eee4b86227363345d4f3a46110269
  .git/objects/3d/d5afa29da25f4c7e3ee7fc3740eed825dc43ce
  .git/objects/3d/d5d29bc26b5945e96a5ca221cc547606bb9358
  .git/objects/3f/011d8384f3aa5b52775f3be2e6a7dfdd37570d
  .git/objects/40/e2078cc8e9555507dcce3144b4190d1bad8817
  .git/objects/41/0f78209ab32e20f239ea946f6f812308bff563
  .git/objects/43/e3e8b8db2d00eb500fa1eac0406cd96f9d8736
  .git/objects/44/c2056b66b10970f284107bde4eaddc0de3311f
  .git/objects/45/9b113f0a564d7a33aee88c68893339e55fba7b
  .git/objects/46/37e400c0cd1e3421318d039b5b6eb2501f994c
  .git/objects/47/b64bdfd3fcd2f42f07b1315dce9f6fb070b3dd
  .git/objects/49/2b409221945bc9b950b8570756b62e17f01ca4
  .git/objects/4b/3bf7cce773d46304b2e6c067d2d8bf8c32a0f1
  .git/objects/50/26e13e2bd35769cb789e2f45285f86191cf650
  .git/objects/52/fd5568d33bab07177f6b70deaa46f37ac7e4e2
  .git/objects/53/11cfe7dafe623dd46084ced94120996acc147b
  .git/objects/53/3baf336e8b2ebd041f64798e84c93adb68e82d
  .git/objects/55/6029e3429be6de305000012649cfa752259b78
  .git/objects/55/faf5d81577f95ce4215a60f422078fc4fd8fa3
  .git/objects/57/3e4ed579374330a20933f1f2da8fb412111eb4
  .git/objects/57/f80bebb3e1a7633629a0314d4be198183ae606
  .git/objects/58/9b52e5cb3e8b02646991d2a4c85649434e7827
  .git/objects/58/f28785db38ec5cc55df2b76db3b163a56894f7
  .git/objects/59/b521198cf3df9e68bcf7db7c4a75db101c1806
  .git/objects/59/dbd8f46a1ecee7bcba2248f67ca7bc2e2a2eb3
  .git/objects/5b/6ce877778ee586da227f85ea2a821363f3d408
  .git/objects/5b/a4939654b817698de668cddb61873e2e80bd02
  .git/objects/5b/f35f9068ef6901eb20a2806ec8fbf2e9800100
  .git/objects/5c/3ca4d49421c0fd771b3e1790caa2fc880ed159
  .git/objects/5d/1a9cbc8b0859cdd3418fe2af9a83b406cb4b5c
  .git/objects/62/30d866f7fb59a3d1e4da12e36414224fe3a592
  .git/objects/64/02116136599fd388706caee4bb0ca2596916eb
  .git/objects/64/c9485961a7021db12f86f673feeeffc923dd24
  .git/objects/65/7d562df44f38b944d9632edddfd709d62f0aca
  .git/objects/65/a2b1dd373b9944f6ca52d8ac36acb250cf4e0e
  .git/objects/67/faeb1d0111210a734a29fb413ffae5c66229db
  .git/objects/69/0ec8ca81bb85d5248d7de4560138f81b393f64
  .git/objects/69/3f5620b65bcfcd021ff879bdf8049959f00015
  .git/objects/6a/230925ccc586154f87d4ad8fd8074fec60f2e6
  .git/objects/6a/7721b885f99306d7dbed6df6d6d18bc82373a4
  .git/objects/6c/3acd99851359218249806715bcead3e640255d
  .git/objects/6c/3c0c79501954523a479a220d2d95a98237ab46
  .git/objects/6d/622068b648068f492d4db0f47f4324307bb0b4
  .git/objects/6d/e8a69366a1a1c34a5b5070270e22f3d472c7c5
  .git/objects/6f/c59773ef6309fb31098d1f5f15728303ab3849
  .git/objects/70/ce5da2e53a823c3bcacd58de594ea89f66866c
  .git/objects/71/7fa6df170316796e38067f4e82a400dfc8058c
  .git/objects/72/409c5e503f1fecb300e65d31aa89c1163dfcc1
  .git/objects/72/fd5224473993e8498518c3380be01db8997a68
  .git/objects/73/077b59438e0ad6af581ee7b49506c8b2cafe30
  .git/objects/73/986ca2acc271c282b6701744bb12712a14b386
  .git/objects/74/2c2da043f4f5d93c414dca3a725ab2204d9817
  .git/objects/74/2c3048e54caf109e57fd59989027e0ca7abeb2
  .git/objects/76/56b14667acc1b7ff24c0fec425cd4ab25538e3
  .git/objects/76/c25390bd8e81bc0c9fa58e6692d79c1f7779bd
  .git/objects/76/f27e9b0c8bb5de3b7004e6a6fe30c018c2555b
  .git/objects/77/1d6898b2bad20fd22686b205968e422f31d068
  .git/objects/77/386c23cbe3d3828b719e46914e7d33ce67f7a5
  .git/objects/78/23d8533eaa452641b1afb4d7fda74e06e34cb1
  .git/objects/7b/de62c0fac9aab4d502a7ea3f4a3723571501f2
  .git/objects/7c/a45ea90f7cf80a1c0cd25ab88187c463b212f6
  .git/objects/7e/0803e791a27beb73ab4a172d083c09c83d7df9
  .git/objects/7f/1cc4928a5a8dc5dab60d465909baa165f7e255
  .git/objects/82/81fbf47efa795771ca1af966992b88994f3c77
  .git/objects/83/81ac98fd6037a45107b3a780124a4dbeef1880
  .git/objects/87/443f90b7ebd99fa9e4ed4b6942dd55d021919e
  .git/objects/88/7b24a7e08889ed93d16374c6ddbb5986286638
  .git/objects/89/4785fb0720853bd4d45715dcaef4f4c39a5e21
  .git/objects/89/bb46a119260a79efda2b793eb70ce284855abb
  .git/objects/8a/4856f3e3aadc1975bff16c4fb1926524d473cb
  .git/objects/8b/4cda2392fe428daa34d0f3478b465d39086983
  .git/objects/8b/931b8d9f04aa338fdf9d38b4337a7312686277
  .git/objects/8b/d4ed2bcb37a4422c6ad4001836050cadad70fd
  .git/objects/8c/00fa0c104352ee426c4949cab3d1a4fc66c7e0
  .git/objects/8c/5dd1fa7f337446df37105161d43608691b2011
  .git/objects/8e/5b9f6e4ee3481ad3bc3f3eb69149fedba2bc40
  .git/objects/90/9e5b0ec694ebe1cc5aaca1983d50a17f7c0682
  .git/objects/91/114bf2f2bba5e0c5252e75018da19b869776f1
  .git/objects/91/70d0cbd6a2f7cb8cab3ba983705a2b7f97be73
  .git/objects/91/d49b8b112cdd823b627241a99d9070201d3c43
  .git/objects/92/e230c06e298a227b381ab8bb2ea3b393a5bd70
  .git/objects/93/0a2df2380fde2abce3c2ae67a21e0cfbbf9eba
  .git/objects/96/bb071f1075d669a07c8bfb077d959bd03a2e17
  .git/objects/98/ac479bcad96bb826f61a9b9a4123102f026c8e
  .git/objects/9a/1d6c103e0ce6fcceacc6f815b116c2c550af87
  .git/objects/9a/bb12ec7f8e9a0536322ee73daf012c39a7378a
  .git/objects/9b/393ff1aa82a87eb62940169275e1b05a6f94ac
  .git/objects/9c/11d212bd603b0571370e4f751575139d99a373
  .git/objects/9c/66e5d6f7f3be9c7345466e185fa77eede153ec
  .git/objects/9c/b7cd9c1846f98fac0f0499adc184faa9638dd3
  .git/objects/9e/75a96ed3f2e0b125eea894afc6e7803c4ee57b
  .git/objects/9f/2ac514ab0967c49e5e3069fec5277bc149c7e9
  .git/objects/a0/b75143c961bd5d27c1ccd2d94850608850281a
  .git/objects/a2/44c9ad6d13ca0d9a3e274792494c0687e25ee3
  .git/objects/a3/032f9ce294bc8971c8674b3eb650ce758cb30c
  .git/objects/a3/6b02300e6e21410f95f096362c7ed9e17434ac
  .git/objects/a3/dc320e7a78579b66d20e6aa6d3a2b14f575408
  .git/objects/a3/f13094b983217374ee512d7ccb45a379aff26e
  .git/objects/a5/9cf6674080054fbd4bbee46f701ba227d14fd8
  .git/objects/a6/2f897aa456c9c4314be382dcc8985a3e06865d
  .git/objects/a6/77c364346160ca760208929bb3b8efedff6821
  .git/objects/a8/fc1e549ef3b086913839fe7543cb8029eb0851
  .git/objects/ac/4c3d046418956c7282b87da4971ad85e93f689
  .git/objects/ac/c73899040e9ab0a6a79fc4cd99802092c1f106
  .git/objects/ad/00132854e7aa80db7a8615328fe35b9034cc94
  .git/objects/af/f6e34ae3c04c43c4e228434619c137adab94fa
  .git/objects/af/f825772c160c780ac6bf3ef9fbc58493b91db0
  .git/objects/b1/5cf09acb46fc96f0d06aab0f0dac3873607571
  .git/objects/b2/dadbf427da217780f3f96763e1d92217e60b43
  .git/objects/b4/26bc7704768cf7e937edba2dbe4ed8695af80d
  .git/objects/b5/ffb61749c279b54727a78b104ee0080942c210
  .git/objects/b9/c0aca57ed2fff69388bf07b6985fa1e4febee5
  .git/objects/ba/1adb51ea55aabb607edf62455e019eaf9e3201
  .git/objects/bb/3e8c769d3ee69cc7eea080417c1030e313a738
  .git/objects/bc/7d18478f9996f732ca9d05f294bc2b797aadee
  .git/objects/bd/b7451bdb68a3ab3a7f60c7eaebb17c4a0d6664
  .git/objects/be/4d7f90b11b16a50def9b3eaf8755201a53d457
  .git/objects/c0/4a239b3cf123f18397aa85f7bd8865e1e80498
  .git/objects/c1/514fd5b498391cc448416c7a577aec6464960f
  .git/objects/c4/58a7e8fd9d0353235293f4a1e3a0c37baab2d3
  .git/objects/c6/a92c9a1fc2e6847f5aff2da5dccc082ce5cf1d
  .git/objects/ca/190c9b333afce237398990756146b4029bd576
  .git/objects/cc/c4f3c36c5b927c7176134c27bb1938f1c7cb01
  .git/objects/cf/09efe4c8e5ef412ca1d73b9b03a22168290443
  .git/objects/cf/fb7342afa271ce308e1a2826436aa45d93cf7a
  .git/objects/d3/3ba29854ca8874d32bdc85c331b0c951999304
  .git/objects/d3/3d98b35c3287aeca72d72c42683396cefe0cfe
  .git/objects/d5/14f57ab1bc3ff43cbb8baf7e071b7102c805bc
  .git/objects/d5/de270c6377418841aa4d5cdd1cd40dc330115b
  .git/objects/d6/d88688e8a6e639a2adb82000299de67cd2d214
  .git/objects/d7/b103ac0c62e20b13b9b00ad2ec410f7eb8dc7d
  .git/objects/d7/f8bcfc8cc68c8ee24a128fc0c26dfac730acf7
  .git/objects/d9/4ea775f4f2c8b4893ed59bff20b2c4d5aa275f
  .git/objects/db/339e7fc734cf8735fbfd5a61b02e383e704566
  .git/objects/db/c5e0806f10aa37bdbb4568b4735e56e936bcf9
  .git/objects/dc/597713917b8b0cdb5dd14ffac7fb6b4405e726
  .git/objects/dd/0b79f0d354cc4c976120ce81e8a2af95f9229a
  .git/objects/dd/6eb158ccffb32acfbdf176912b14ef09e8e139
  .git/objects/dd/73736dcfd771f945ac406227f3cb0c3ef0e44d
  .git/objects/e2/44bf2edcae8c5dddc50142852832c6f9b1f4ec
  .git/objects/e3/5155a1ee0886a25b340afb5a88272a66af3213
  .git/objects/e4/f34de8b453e2fa4e887b1daf348f5c850b69ad
  .git/objects/e6/3720965688d3231348d5f8216fb726270dc8ca
  .git/objects/e8/3daa5880f91f3604290fe04cf6c50b94cc92ad
  .git/objects/ec/7e24020dc8cf1a320eae4a443fc31d027f7082
  .git/objects/ed/0bb1d305ed72a83324cb381d53bc6044e51bc7
  .git/objects/ed/7116fa42e567295c361063472c8963ce4efdc4
  .git/objects/ed/890f29cf6674357d06683748b2d6d93a600233
  .git/objects/ed/b0b9d155379763254e818515c2fa784ad54ac4
  .git/objects/ed/f039cf898b90a553f44e09ce7e8ba083242481
  .git/objects/ef/acdd420dda0722306a59348bc53df070ae8cc7
  .git/objects/ef/de50380d46425437db44e3c31e4211b2a43c5a
  .git/objects/f0/181c03c57c97e55a17aeb044fbbf4543d0c730
  .git/objects/f0/77795300aca6b6932406780d4639955cee6342
  .git/objects/f0/c367f0bb1995d0b4a7d640aa896be048ed8f10
  .git/objects/f1/b628a5d1304abd0b8e9f9b3cd3389a583c8817
  .git/objects/f2/6c4936fb52586034953dc018f0adf411ed97cf
  .git/objects/f5/066c958e4020c83aeeabbf5a27829ed358781f
  .git/objects/f6/83ea96d199e9c21c7bfba1ae2d1091ba1572a3
  .git/objects/f7/598baccb29248917e9af0d525b92bdf54df89a
  .git/objects/f7/5a22883c70d4f2d43ccecd38d280ef09a1ad93
  .git/objects/f7/af326c15812fed70404097a28ce5959204642c
  .git/objects/f7/c743bd4821eb5853895efd06e63dd4d39a3ca2
  .git/objects/fa/a7a14209b075df79c3fabd9b4e759dc1095740
  .git/objects/fb/06ff14bd78388890ce0864d49356ca9248a871
  .git/objects/fc/084beab8d5280c876551b29d4a203c65fb485e
  .git/objects/fe/344a60888ffcaf3aeb8bdcf0cd7b77beb8b1f6
  .git/objects/fe/6ec2f9257946e12c68e4bca8aee61c92160177
  .git/objects/fe/9cd35ed42b48b7c0fd64fb07b9666045c0aabf
  .git/objects/fe/ffc7c86c4143d53200f74b3640dbdf0d405293
  .git/objects/ff/72e89b3c23783bb8d4a8486228e006ed2b794a
  .git/objects/ff/e5599cc3c31751b8361241ab990ed2ea49d537
  Debug/GMUM
Source packages should not contain undeclared executable files.
See section ‘Package structure’ in the ‘Writing R Extensions’ manual.
* checking for hidden files and directories ... NOTE
Found the following hidden files and directories:
  .Rhistory
  .cproject
  .gitignore
  .project
  Debug/src/.cproject
  Debug/src/.project
  inst/tests/.Rhistory
  src/.cproject
  src/.project
  ..Rcheck
  .git
These were most likely included in error. See section ‘Package
structure’ in the ‘Writing R Extensions’ manual.
* checking for portable file names ... OK
* checking for sufficient/correct file permissions ... OK
* checking whether package ‘gmum.r’ can be installed ... WARNING
Found the following significant warnings:
  Warning: /home/sacherus/gmumr/gmum.r/man/gmum-utils-package.Rd:31: All text must be in a section
  Warning: /home/sacherus/gmumr/gmum.r/man/gmum-utils-package.Rd:32: All text must be in a section
See ‘/home/sacherus/gmumr/gmum.r/..Rcheck/00install.out’ for details.
* checking installed package size ... OK
* checking package directory ... OK
* checking DESCRIPTION meta-information ... NOTE
Licenses which are templates and need ‘+ file LICENSE’:
  MIT
* checking top-level files ... NOTE
File
  LICENSE
is not mentioned in the DESCRIPTION file.
* checking for left-over files ... OK
* checking index information ... OK
* checking package subdirectories ... WARNING
Found the following directory with the name of a check directory:
  ./..Rcheck
Most likely, these were included erroneously.
* checking R files for non-ASCII characters ... OK
* checking R files for syntax errors ... OK
* checking whether the package can be loaded ... OK
* checking whether the package can be loaded with stated dependencies ... OK
* checking whether the package can be unloaded cleanly ... OK
* checking whether the namespace can be loaded with stated dependencies ... OK
* checking whether the namespace can be unloaded cleanly ... OK
* checking loading without being on the library search path ... OK
* checking dependencies in R code ... OK
* checking S3 generic/method consistency ... OK
* checking replacement functions ... OK
* checking foreign function calls ... OK
* checking R code for possible problems ... OK
* checking Rd files ... WARNING
prepare_Rd: gmum-utils-package.Rd:31: All text must be in a section
prepare_Rd: gmum-utils-package.Rd:32: All text must be in a section
prepare_Rd: gmum-utils-package.Rd:38-40: Dropping empty section \examples
* checking Rd metadata ... OK
* checking Rd cross-references ... WARNING
Unknown package ‘<pkg>’ in Rd xrefs
* checking for missing documentation entries ... OK
* checking for code/documentation mismatches ... WARNING
Functions or methods with usage in documentation object 'rcpp_hello_world' but not in code:
  rcpp_hello_world

* checking Rd \usage sections ... WARNING
Undocumented arguments in documentation object 'test_flow'
  ‘msg’

Functions with \usage entries need to have the appropriate \alias
entries, and all their arguments documented.
The \usage entries must correspond to syntactically valid R code.
See the chapter ‘Writing R documentation files’ in the ‘Writing R
Extensions’ manual.
* checking Rd contents ... OK
* checking for unstated dependencies in examples ... OK
* checking line endings in C/C++/Fortran sources/headers ... OK
* checking line endings in Makefiles ... OK
* checking compilation flags in Makevars ... WARNING
Non-portable flags in variable ‘PKG_CPPFLAGS’:
  -Wall
Non-portable flags in variable ‘PKG_CXXFLAGS’:
  -O3 -fpic
* checking for portable use of $(BLAS_LIBS) and $(LAPACK_LIBS) ... WARNING
  apparently PKG_LIBS is missing $(FLIBS) in ‘src/Makevars’
* checking compiled code ... WARNING
File ‘/home/sacherus/gmumr/gmum.r/..Rcheck/gmum.r/libs/gmum.r.so’:
  Found ‘exit’, possibly from ‘exit’ (C)
    Object: ‘libsvm_runner.o’
  Found ‘puts’, possibly from ‘printf’ (C), ‘puts’ (C)
    Object: ‘libsvm_runner.o’
  Found ‘stderr’, possibly from ‘stderr’ (C)
    Objects: ‘libsvm_runner.o’, ‘svm.o’
  Found ‘stdout’, possibly from ‘stdout’ (C)
    Object: ‘svm.o’

Compiled code should not call entry points which might terminate R nor
write to stdout/stderr instead of to the console.

See ‘Writing portable packages’ in the ‘Writing R Extensions’ manual.
* checking examples ... OK
* checking PDF version of manual ... WARNING
LaTeX errors when creating PDF version.
This typically indicates Rd problems.
* checking PDF version of manual without hyperrefs or index ... OK
WARNING: There were 12 warnings.
NOTE: There were 3 notes.
